2024-11-14 08:48:34,573 - INFO - Simulation started, using 10 workers
2024-11-14 08:48:34,574 - INFO - Start round 0
2024-11-14 08:48:34,576 - INFO - Prepared sim number: 0: RAYPy_Simulation_FLUX_1200/round_0/0_FLUX_1200.rml
2024-11-14 08:48:34,577 - INFO - Prepared sim number: 1: RAYPy_Simulation_FLUX_1200/round_0/1_FLUX_1200.rml
2024-11-14 08:48:34,578 - INFO - Prepared sim number: 2: RAYPy_Simulation_FLUX_1200/round_0/2_FLUX_1200.rml
2024-11-14 08:48:34,579 - INFO - Prepared sim number: 3: RAYPy_Simulation_FLUX_1200/round_0/3_FLUX_1200.rml
2024-11-14 08:48:34,581 - INFO - Prepared sim number: 4: RAYPy_Simulation_FLUX_1200/round_0/4_FLUX_1200.rml
2024-11-14 08:48:34,583 - INFO - Prepared sim number: 5: RAYPy_Simulation_FLUX_1200/round_0/5_FLUX_1200.rml
2024-11-14 08:48:34,585 - INFO - Prepared sim number: 6: RAYPy_Simulation_FLUX_1200/round_0/6_FLUX_1200.rml
2024-11-14 08:48:34,586 - INFO - Prepared sim number: 7: RAYPy_Simulation_FLUX_1200/round_0/7_FLUX_1200.rml
2024-11-14 08:48:34,588 - INFO - Prepared sim number: 8: RAYPy_Simulation_FLUX_1200/round_0/8_FLUX_1200.rml
2024-11-14 08:48:34,589 - INFO - Prepared sim number: 9: RAYPy_Simulation_FLUX_1200/round_0/9_FLUX_1200.rml
2024-11-14 08:48:34,590 - INFO - Prepared sim number: 10: RAYPy_Simulation_FLUX_1200/round_0/10_FLUX_1200.rml
2024-11-14 08:48:34,591 - INFO - Prepared sim number: 11: RAYPy_Simulation_FLUX_1200/round_0/11_FLUX_1200.rml
2024-11-14 08:48:34,592 - INFO - Prepared sim number: 12: RAYPy_Simulation_FLUX_1200/round_0/12_FLUX_1200.rml
2024-11-14 08:48:34,593 - INFO - Prepared sim number: 13: RAYPy_Simulation_FLUX_1200/round_0/13_FLUX_1200.rml
2024-11-14 08:48:34,594 - INFO - Prepared sim number: 14: RAYPy_Simulation_FLUX_1200/round_0/14_FLUX_1200.rml
2024-11-14 08:48:34,595 - INFO - Prepared sim number: 15: RAYPy_Simulation_FLUX_1200/round_0/15_FLUX_1200.rml
2024-11-14 08:48:34,596 - INFO - Prepared sim number: 16: RAYPy_Simulation_FLUX_1200/round_0/16_FLUX_1200.rml
2024-11-14 08:48:34,596 - INFO - Prepared sim number: 17: RAYPy_Simulation_FLUX_1200/round_0/17_FLUX_1200.rml
2024-11-14 08:48:34,597 - INFO - Prepared sim number: 18: RAYPy_Simulation_FLUX_1200/round_0/18_FLUX_1200.rml
2024-11-14 08:48:34,598 - INFO - Prepared sim number: 19: RAYPy_Simulation_FLUX_1200/round_0/19_FLUX_1200.rml
2024-11-14 08:48:34,624 - INFO - Waiting for batch number: 0, timeout: 60s
2024-11-14 08:48:38,569 - INFO - Completed: 1, remaining: 49, RAYPy_Simulation_FLUX_1200/round_0/7_FLUX_1200.rml
2024-11-14 08:48:38,667 - INFO - Completed: 2, remaining: 48, RAYPy_Simulation_FLUX_1200/round_0/5_FLUX_1200.rml
2024-11-14 08:48:38,897 - INFO - Completed: 3, remaining: 47, RAYPy_Simulation_FLUX_1200/round_0/3_FLUX_1200.rml
2024-11-14 08:48:39,081 - INFO - Completed: 4, remaining: 46, RAYPy_Simulation_FLUX_1200/round_0/9_FLUX_1200.rml
2024-11-14 08:48:40,599 - INFO - Completed: 5, remaining: 45, RAYPy_Simulation_FLUX_1200/round_0/2_FLUX_1200.rml
2024-11-14 08:48:41,799 - INFO - Completed: 6, remaining: 44, RAYPy_Simulation_FLUX_1200/round_0/0_FLUX_1200.rml
2024-11-14 08:48:45,003 - INFO - Completed: 7, remaining: 43, RAYPy_Simulation_FLUX_1200/round_0/1_FLUX_1200.rml
2024-11-14 08:48:46,618 - INFO - Completed: 8, remaining: 42, RAYPy_Simulation_FLUX_1200/round_0/8_FLUX_1200.rml
2024-11-14 08:48:46,812 - INFO - Completed: 9, remaining: 41, RAYPy_Simulation_FLUX_1200/round_0/6_FLUX_1200.rml
2024-11-14 08:48:47,068 - INFO - Completed: 10, remaining: 40, RAYPy_Simulation_FLUX_1200/round_0/4_FLUX_1200.rml
2024-11-14 08:48:49,631 - INFO - Completed: 11, remaining: 39, RAYPy_Simulation_FLUX_1200/round_0/11_FLUX_1200.rml
2024-11-14 08:48:52,837 - INFO - Completed: 12, remaining: 38, RAYPy_Simulation_FLUX_1200/round_0/12_FLUX_1200.rml
2024-11-14 08:48:53,244 - INFO - Completed: 13, remaining: 37, RAYPy_Simulation_FLUX_1200/round_0/13_FLUX_1200.rml
2024-11-14 08:48:53,432 - INFO - Completed: 14, remaining: 36, RAYPy_Simulation_FLUX_1200/round_0/15_FLUX_1200.rml
2024-11-14 08:48:53,505 - INFO - Completed: 15, remaining: 35, RAYPy_Simulation_FLUX_1200/round_0/10_FLUX_1200.rml
2024-11-14 08:48:54,520 - INFO - Completed: 16, remaining: 34, RAYPy_Simulation_FLUX_1200/round_0/14_FLUX_1200.rml
2024-11-14 08:48:54,929 - INFO - Completed: 17, remaining: 33, RAYPy_Simulation_FLUX_1200/round_0/19_FLUX_1200.rml
2024-11-14 08:48:54,983 - INFO - Completed: 18, remaining: 32, RAYPy_Simulation_FLUX_1200/round_0/18_FLUX_1200.rml
2024-11-14 08:48:55,947 - INFO - Completed: 19, remaining: 31, RAYPy_Simulation_FLUX_1200/round_0/16_FLUX_1200.rml
2024-11-14 08:48:55,991 - INFO - Completed: 20, remaining: 30, RAYPy_Simulation_FLUX_1200/round_0/17_FLUX_1200.rml
2024-11-14 08:48:55,991 - INFO - Batch Completed
2024-11-14 08:48:55,992 - INFO - Waiting For batch, 50 simulations to go
2024-11-14 08:48:55,992 - INFO - Remaning Simulations 0, stop the simulations loop
2024-11-14 08:48:55,992 - INFO - Checking that all simulations are completed before stopping the ProcessPoolExecutor
2024-11-14 08:48:55,994 - INFO - Executor shutdown completed.
2024-11-14 08:48:55,995 - INFO - Simulation completed successfully.
2024-11-14 08:48:55,995 - INFO - Starting cleanup
2024-11-14 08:48:56,040 - INFO - Done with the cleanup
2024-11-14 08:48:56,041 - INFO - Create Pandas Recap Files
2024-11-14 08:48:56,057 - INFO - End of the Simulations
