2024-09-09 14:35:54,585 - INFO - Simulation started, using 10 workers
2024-09-09 14:35:54,587 - INFO - Start round 0
2024-09-09 14:35:54,589 - INFO - Prepared sim number: 0: RAYPy_Simulation_FLUX_battery_FLUX_forML_IrCrB4C/round_0/0_FLUX_battery_FLUX_forML_IrCrB4C.rml
2024-09-09 14:35:54,591 - INFO - Prepared sim number: 1: RAYPy_Simulation_FLUX_battery_FLUX_forML_IrCrB4C/round_0/1_FLUX_battery_FLUX_forML_IrCrB4C.rml
2024-09-09 14:35:54,593 - INFO - Prepared sim number: 2: RAYPy_Simulation_FLUX_battery_FLUX_forML_IrCrB4C/round_0/2_FLUX_battery_FLUX_forML_IrCrB4C.rml
2024-09-09 14:35:54,595 - INFO - Prepared sim number: 3: RAYPy_Simulation_FLUX_battery_FLUX_forML_IrCrB4C/round_0/3_FLUX_battery_FLUX_forML_IrCrB4C.rml
2024-09-09 14:35:54,597 - INFO - Prepared sim number: 4: RAYPy_Simulation_FLUX_battery_FLUX_forML_IrCrB4C/round_0/4_FLUX_battery_FLUX_forML_IrCrB4C.rml
2024-09-09 14:35:54,599 - INFO - Prepared sim number: 5: RAYPy_Simulation_FLUX_battery_FLUX_forML_IrCrB4C/round_0/5_FLUX_battery_FLUX_forML_IrCrB4C.rml
2024-09-09 14:35:54,600 - INFO - Prepared sim number: 6: RAYPy_Simulation_FLUX_battery_FLUX_forML_IrCrB4C/round_0/6_FLUX_battery_FLUX_forML_IrCrB4C.rml
2024-09-09 14:35:54,602 - INFO - Prepared sim number: 7: RAYPy_Simulation_FLUX_battery_FLUX_forML_IrCrB4C/round_0/7_FLUX_battery_FLUX_forML_IrCrB4C.rml
2024-09-09 14:35:54,603 - INFO - Prepared sim number: 8: RAYPy_Simulation_FLUX_battery_FLUX_forML_IrCrB4C/round_0/8_FLUX_battery_FLUX_forML_IrCrB4C.rml
2024-09-09 14:35:54,604 - INFO - Prepared sim number: 9: RAYPy_Simulation_FLUX_battery_FLUX_forML_IrCrB4C/round_0/9_FLUX_battery_FLUX_forML_IrCrB4C.rml
2024-09-09 14:35:54,606 - INFO - Prepared sim number: 10: RAYPy_Simulation_FLUX_battery_FLUX_forML_IrCrB4C/round_0/10_FLUX_battery_FLUX_forML_IrCrB4C.rml
2024-09-09 14:35:54,607 - INFO - Prepared sim number: 11: RAYPy_Simulation_FLUX_battery_FLUX_forML_IrCrB4C/round_0/11_FLUX_battery_FLUX_forML_IrCrB4C.rml
2024-09-09 14:35:54,608 - INFO - Prepared sim number: 12: RAYPy_Simulation_FLUX_battery_FLUX_forML_IrCrB4C/round_0/12_FLUX_battery_FLUX_forML_IrCrB4C.rml
2024-09-09 14:35:54,609 - INFO - Prepared sim number: 13: RAYPy_Simulation_FLUX_battery_FLUX_forML_IrCrB4C/round_0/13_FLUX_battery_FLUX_forML_IrCrB4C.rml
2024-09-09 14:35:54,610 - INFO - Prepared sim number: 14: RAYPy_Simulation_FLUX_battery_FLUX_forML_IrCrB4C/round_0/14_FLUX_battery_FLUX_forML_IrCrB4C.rml
2024-09-09 14:35:54,612 - INFO - Prepared sim number: 15: RAYPy_Simulation_FLUX_battery_FLUX_forML_IrCrB4C/round_0/15_FLUX_battery_FLUX_forML_IrCrB4C.rml
2024-09-09 14:35:54,613 - INFO - Prepared sim number: 16: RAYPy_Simulation_FLUX_battery_FLUX_forML_IrCrB4C/round_0/16_FLUX_battery_FLUX_forML_IrCrB4C.rml
2024-09-09 14:35:54,614 - INFO - Prepared sim number: 17: RAYPy_Simulation_FLUX_battery_FLUX_forML_IrCrB4C/round_0/17_FLUX_battery_FLUX_forML_IrCrB4C.rml
2024-09-09 14:35:54,615 - INFO - Prepared sim number: 18: RAYPy_Simulation_FLUX_battery_FLUX_forML_IrCrB4C/round_0/18_FLUX_battery_FLUX_forML_IrCrB4C.rml
2024-09-09 14:35:54,616 - INFO - Prepared sim number: 19: RAYPy_Simulation_FLUX_battery_FLUX_forML_IrCrB4C/round_0/19_FLUX_battery_FLUX_forML_IrCrB4C.rml
2024-09-09 14:35:54,617 - INFO - Prepared sim number: 20: RAYPy_Simulation_FLUX_battery_FLUX_forML_IrCrB4C/round_0/20_FLUX_battery_FLUX_forML_IrCrB4C.rml
2024-09-09 14:35:54,618 - INFO - Prepared sim number: 21: RAYPy_Simulation_FLUX_battery_FLUX_forML_IrCrB4C/round_0/21_FLUX_battery_FLUX_forML_IrCrB4C.rml
2024-09-09 14:35:54,619 - INFO - Prepared sim number: 22: RAYPy_Simulation_FLUX_battery_FLUX_forML_IrCrB4C/round_0/22_FLUX_battery_FLUX_forML_IrCrB4C.rml
2024-09-09 14:35:54,620 - INFO - Prepared sim number: 23: RAYPy_Simulation_FLUX_battery_FLUX_forML_IrCrB4C/round_0/23_FLUX_battery_FLUX_forML_IrCrB4C.rml
2024-09-09 14:35:54,621 - INFO - Prepared sim number: 24: RAYPy_Simulation_FLUX_battery_FLUX_forML_IrCrB4C/round_0/24_FLUX_battery_FLUX_forML_IrCrB4C.rml
2024-09-09 14:35:54,622 - INFO - Prepared sim number: 25: RAYPy_Simulation_FLUX_battery_FLUX_forML_IrCrB4C/round_0/25_FLUX_battery_FLUX_forML_IrCrB4C.rml
2024-09-09 14:35:54,623 - INFO - Prepared sim number: 26: RAYPy_Simulation_FLUX_battery_FLUX_forML_IrCrB4C/round_0/26_FLUX_battery_FLUX_forML_IrCrB4C.rml
2024-09-09 14:35:54,624 - INFO - Prepared sim number: 27: RAYPy_Simulation_FLUX_battery_FLUX_forML_IrCrB4C/round_0/27_FLUX_battery_FLUX_forML_IrCrB4C.rml
2024-09-09 14:35:54,625 - INFO - Prepared sim number: 28: RAYPy_Simulation_FLUX_battery_FLUX_forML_IrCrB4C/round_0/28_FLUX_battery_FLUX_forML_IrCrB4C.rml
2024-09-09 14:35:54,626 - INFO - Prepared sim number: 29: RAYPy_Simulation_FLUX_battery_FLUX_forML_IrCrB4C/round_0/29_FLUX_battery_FLUX_forML_IrCrB4C.rml
2024-09-09 14:35:54,627 - INFO - Prepared sim number: 30: RAYPy_Simulation_FLUX_battery_FLUX_forML_IrCrB4C/round_0/30_FLUX_battery_FLUX_forML_IrCrB4C.rml
2024-09-09 14:35:54,627 - INFO - Prepared sim number: 31: RAYPy_Simulation_FLUX_battery_FLUX_forML_IrCrB4C/round_0/31_FLUX_battery_FLUX_forML_IrCrB4C.rml
2024-09-09 14:35:54,628 - INFO - Prepared sim number: 32: RAYPy_Simulation_FLUX_battery_FLUX_forML_IrCrB4C/round_0/32_FLUX_battery_FLUX_forML_IrCrB4C.rml
2024-09-09 14:35:54,629 - INFO - Prepared sim number: 33: RAYPy_Simulation_FLUX_battery_FLUX_forML_IrCrB4C/round_0/33_FLUX_battery_FLUX_forML_IrCrB4C.rml
2024-09-09 14:35:54,630 - INFO - Prepared sim number: 34: RAYPy_Simulation_FLUX_battery_FLUX_forML_IrCrB4C/round_0/34_FLUX_battery_FLUX_forML_IrCrB4C.rml
2024-09-09 14:35:54,631 - INFO - Prepared sim number: 35: RAYPy_Simulation_FLUX_battery_FLUX_forML_IrCrB4C/round_0/35_FLUX_battery_FLUX_forML_IrCrB4C.rml
2024-09-09 14:35:54,632 - INFO - Prepared sim number: 36: RAYPy_Simulation_FLUX_battery_FLUX_forML_IrCrB4C/round_0/36_FLUX_battery_FLUX_forML_IrCrB4C.rml
2024-09-09 14:35:54,633 - INFO - Prepared sim number: 37: RAYPy_Simulation_FLUX_battery_FLUX_forML_IrCrB4C/round_0/37_FLUX_battery_FLUX_forML_IrCrB4C.rml
2024-09-09 14:35:54,634 - INFO - Prepared sim number: 38: RAYPy_Simulation_FLUX_battery_FLUX_forML_IrCrB4C/round_0/38_FLUX_battery_FLUX_forML_IrCrB4C.rml
2024-09-09 14:35:54,635 - INFO - Prepared sim number: 39: RAYPy_Simulation_FLUX_battery_FLUX_forML_IrCrB4C/round_0/39_FLUX_battery_FLUX_forML_IrCrB4C.rml
2024-09-09 14:35:54,635 - INFO - Prepared sim number: 40: RAYPy_Simulation_FLUX_battery_FLUX_forML_IrCrB4C/round_0/40_FLUX_battery_FLUX_forML_IrCrB4C.rml
2024-09-09 14:35:54,636 - INFO - Prepared sim number: 41: RAYPy_Simulation_FLUX_battery_FLUX_forML_IrCrB4C/round_0/41_FLUX_battery_FLUX_forML_IrCrB4C.rml
2024-09-09 14:35:54,637 - INFO - Prepared sim number: 42: RAYPy_Simulation_FLUX_battery_FLUX_forML_IrCrB4C/round_0/42_FLUX_battery_FLUX_forML_IrCrB4C.rml
2024-09-09 14:35:54,638 - INFO - Prepared sim number: 43: RAYPy_Simulation_FLUX_battery_FLUX_forML_IrCrB4C/round_0/43_FLUX_battery_FLUX_forML_IrCrB4C.rml
2024-09-09 14:35:54,639 - INFO - Prepared sim number: 44: RAYPy_Simulation_FLUX_battery_FLUX_forML_IrCrB4C/round_0/44_FLUX_battery_FLUX_forML_IrCrB4C.rml
2024-09-09 14:35:54,640 - INFO - Prepared sim number: 45: RAYPy_Simulation_FLUX_battery_FLUX_forML_IrCrB4C/round_0/45_FLUX_battery_FLUX_forML_IrCrB4C.rml
2024-09-09 14:35:54,641 - INFO - Prepared sim number: 46: RAYPy_Simulation_FLUX_battery_FLUX_forML_IrCrB4C/round_0/46_FLUX_battery_FLUX_forML_IrCrB4C.rml
2024-09-09 14:35:54,642 - INFO - Prepared sim number: 47: RAYPy_Simulation_FLUX_battery_FLUX_forML_IrCrB4C/round_0/47_FLUX_battery_FLUX_forML_IrCrB4C.rml
2024-09-09 14:35:54,643 - INFO - Prepared sim number: 48: RAYPy_Simulation_FLUX_battery_FLUX_forML_IrCrB4C/round_0/48_FLUX_battery_FLUX_forML_IrCrB4C.rml
2024-09-09 14:35:54,644 - INFO - Prepared sim number: 49: RAYPy_Simulation_FLUX_battery_FLUX_forML_IrCrB4C/round_0/49_FLUX_battery_FLUX_forML_IrCrB4C.rml
2024-09-09 14:35:54,658 - INFO - Waiting for batch number: 0, timeout: 60s
2024-09-09 14:36:27,869 - INFO - Simulation started, using 10 workers
2024-09-09 14:36:27,870 - INFO - Start round 0
2024-09-09 14:36:27,872 - INFO - Waiting for batch number: 0, timeout: 60s
2024-09-09 14:36:27,872 - INFO - Batch Completed
2024-09-09 14:36:27,872 - INFO - Waiting For batch, 50 simulations to go
2024-09-09 14:36:27,873 - INFO - Remaning Simulations 0, stop the simulations loop
2024-09-09 14:36:27,873 - INFO - Checking that all simulations are completed before stopping the ProcessPoolExecutor
2024-09-09 14:36:27,873 - INFO - Executor shutdown completed.
2024-09-09 14:36:27,873 - INFO - Simulation completed successfully.
2024-09-09 14:36:27,873 - INFO - End of the Simulations
2024-09-09 14:36:28,577 - INFO - Simulation started, using 10 workers
2024-09-09 14:36:28,578 - INFO - Start round 0
2024-09-09 14:36:28,581 - INFO - Waiting for batch number: 0, timeout: 60s
2024-09-09 14:36:28,581 - INFO - Batch Completed
2024-09-09 14:36:28,581 - INFO - Waiting For batch, 50 simulations to go
2024-09-09 14:36:28,581 - INFO - Remaning Simulations 0, stop the simulations loop
2024-09-09 14:36:28,581 - INFO - Checking that all simulations are completed before stopping the ProcessPoolExecutor
2024-09-09 14:36:28,582 - INFO - Executor shutdown completed.
2024-09-09 14:36:28,582 - INFO - Simulation completed successfully.
2024-09-09 14:36:28,582 - INFO - End of the Simulations
2024-09-09 14:36:29,278 - INFO - Simulation started, using 10 workers
2024-09-09 14:36:29,279 - INFO - Start round 0
2024-09-09 14:36:29,282 - INFO - Waiting for batch number: 0, timeout: 60s
2024-09-09 14:36:29,282 - INFO - Batch Completed
2024-09-09 14:36:29,282 - INFO - Waiting For batch, 50 simulations to go
2024-09-09 14:36:29,282 - INFO - Remaning Simulations 0, stop the simulations loop
2024-09-09 14:36:29,282 - INFO - Checking that all simulations are completed before stopping the ProcessPoolExecutor
2024-09-09 14:36:29,283 - INFO - Executor shutdown completed.
2024-09-09 14:36:29,283 - INFO - Simulation completed successfully.
2024-09-09 14:36:29,283 - INFO - End of the Simulations
2024-09-09 14:36:30,091 - INFO - Simulation started, using 10 workers
2024-09-09 14:36:30,093 - INFO - Start round 0
2024-09-09 14:36:30,097 - INFO - Waiting for batch number: 0, timeout: 60s
2024-09-09 14:36:30,097 - INFO - Batch Completed
2024-09-09 14:36:30,097 - INFO - Waiting For batch, 50 simulations to go
2024-09-09 14:36:30,097 - INFO - Remaning Simulations 0, stop the simulations loop
2024-09-09 14:36:30,097 - INFO - Checking that all simulations are completed before stopping the ProcessPoolExecutor
2024-09-09 14:36:30,098 - INFO - Executor shutdown completed.
2024-09-09 14:36:30,098 - INFO - Simulation completed successfully.
2024-09-09 14:36:30,098 - INFO - End of the Simulations
