2024-11-14 08:48:56,751 - INFO - Simulation started, using 10 workers
2024-11-14 08:48:56,753 - INFO - Start round 0
2024-11-14 08:48:56,754 - INFO - Prepared sim number: 0: RAYPy_Simulation_RP_1200/round_0/0_RP_1200.rml
2024-11-14 08:48:56,756 - INFO - Prepared sim number: 1: RAYPy_Simulation_RP_1200/round_0/1_RP_1200.rml
2024-11-14 08:48:56,757 - INFO - Prepared sim number: 2: RAYPy_Simulation_RP_1200/round_0/2_RP_1200.rml
2024-11-14 08:48:56,758 - INFO - Prepared sim number: 3: RAYPy_Simulation_RP_1200/round_0/3_RP_1200.rml
2024-11-14 08:48:56,760 - INFO - Prepared sim number: 4: RAYPy_Simulation_RP_1200/round_0/4_RP_1200.rml
2024-11-14 08:48:56,761 - INFO - Prepared sim number: 5: RAYPy_Simulation_RP_1200/round_0/5_RP_1200.rml
2024-11-14 08:48:56,763 - INFO - Prepared sim number: 6: RAYPy_Simulation_RP_1200/round_0/6_RP_1200.rml
2024-11-14 08:48:56,764 - INFO - Prepared sim number: 7: RAYPy_Simulation_RP_1200/round_0/7_RP_1200.rml
2024-11-14 08:48:56,765 - INFO - Prepared sim number: 8: RAYPy_Simulation_RP_1200/round_0/8_RP_1200.rml
2024-11-14 08:48:56,766 - INFO - Prepared sim number: 9: RAYPy_Simulation_RP_1200/round_0/9_RP_1200.rml
2024-11-14 08:48:56,768 - INFO - Prepared sim number: 10: RAYPy_Simulation_RP_1200/round_0/10_RP_1200.rml
2024-11-14 08:48:56,769 - INFO - Prepared sim number: 11: RAYPy_Simulation_RP_1200/round_0/11_RP_1200.rml
2024-11-14 08:48:56,771 - INFO - Prepared sim number: 12: RAYPy_Simulation_RP_1200/round_0/12_RP_1200.rml
2024-11-14 08:48:56,772 - INFO - Prepared sim number: 13: RAYPy_Simulation_RP_1200/round_0/13_RP_1200.rml
2024-11-14 08:48:56,774 - INFO - Prepared sim number: 14: RAYPy_Simulation_RP_1200/round_0/14_RP_1200.rml
2024-11-14 08:48:56,775 - INFO - Prepared sim number: 15: RAYPy_Simulation_RP_1200/round_0/15_RP_1200.rml
2024-11-14 08:48:56,777 - INFO - Prepared sim number: 16: RAYPy_Simulation_RP_1200/round_0/16_RP_1200.rml
2024-11-14 08:48:56,778 - INFO - Prepared sim number: 17: RAYPy_Simulation_RP_1200/round_0/17_RP_1200.rml
2024-11-14 08:48:56,779 - INFO - Prepared sim number: 18: RAYPy_Simulation_RP_1200/round_0/18_RP_1200.rml
2024-11-14 08:48:56,781 - INFO - Prepared sim number: 19: RAYPy_Simulation_RP_1200/round_0/19_RP_1200.rml
2024-11-14 08:48:56,804 - INFO - Waiting for batch number: 0, timeout: 60s
2024-11-14 08:49:01,902 - INFO - Completed: 1, remaining: 49, RAYPy_Simulation_RP_1200/round_0/0_RP_1200.rml
2024-11-14 08:49:03,814 - INFO - Completed: 2, remaining: 48, RAYPy_Simulation_RP_1200/round_0/2_RP_1200.rml
2024-11-14 08:49:04,422 - INFO - Completed: 3, remaining: 47, RAYPy_Simulation_RP_1200/round_0/1_RP_1200.rml
2024-11-14 08:49:05,003 - INFO - Completed: 4, remaining: 46, RAYPy_Simulation_RP_1200/round_0/9_RP_1200.rml
2024-11-14 08:49:05,183 - INFO - Completed: 5, remaining: 45, RAYPy_Simulation_RP_1200/round_0/6_RP_1200.rml
2024-11-14 08:49:05,475 - INFO - Completed: 6, remaining: 44, RAYPy_Simulation_RP_1200/round_0/5_RP_1200.rml
2024-11-14 08:49:07,379 - INFO - Completed: 7, remaining: 43, RAYPy_Simulation_RP_1200/round_0/3_RP_1200.rml
2024-11-14 08:49:07,502 - INFO - Completed: 8, remaining: 42, RAYPy_Simulation_RP_1200/round_0/8_RP_1200.rml
2024-11-14 08:49:07,729 - INFO - Completed: 9, remaining: 41, RAYPy_Simulation_RP_1200/round_0/7_RP_1200.rml
2024-11-14 08:49:08,619 - INFO - Completed: 10, remaining: 40, RAYPy_Simulation_RP_1200/round_0/4_RP_1200.rml
2024-11-14 08:49:11,199 - INFO - Completed: 11, remaining: 39, RAYPy_Simulation_RP_1200/round_0/10_RP_1200.rml
2024-11-14 08:49:11,983 - INFO - Completed: 12, remaining: 38, RAYPy_Simulation_RP_1200/round_0/12_RP_1200.rml
2024-11-14 08:49:12,199 - INFO - Completed: 13, remaining: 37, RAYPy_Simulation_RP_1200/round_0/11_RP_1200.rml
2024-11-14 08:49:13,459 - INFO - Completed: 14, remaining: 36, RAYPy_Simulation_RP_1200/round_0/13_RP_1200.rml
2024-11-14 08:49:13,686 - INFO - Completed: 15, remaining: 35, RAYPy_Simulation_RP_1200/round_0/15_RP_1200.rml
2024-11-14 08:49:13,779 - INFO - Completed: 16, remaining: 34, RAYPy_Simulation_RP_1200/round_0/14_RP_1200.rml
2024-11-14 08:49:14,794 - INFO - Completed: 17, remaining: 33, RAYPy_Simulation_RP_1200/round_0/18_RP_1200.rml
2024-11-14 08:49:15,281 - INFO - Completed: 18, remaining: 32, RAYPy_Simulation_RP_1200/round_0/17_RP_1200.rml
2024-11-14 08:49:15,318 - INFO - Completed: 19, remaining: 31, RAYPy_Simulation_RP_1200/round_0/16_RP_1200.rml
2024-11-14 08:49:15,544 - INFO - Completed: 20, remaining: 30, RAYPy_Simulation_RP_1200/round_0/19_RP_1200.rml
2024-11-14 08:49:15,544 - INFO - Batch Completed
2024-11-14 08:49:15,544 - INFO - Waiting For batch, 50 simulations to go
2024-11-14 08:49:15,544 - INFO - Remaning Simulations 0, stop the simulations loop
2024-11-14 08:49:15,544 - INFO - Checking that all simulations are completed before stopping the ProcessPoolExecutor
2024-11-14 08:49:15,546 - INFO - Executor shutdown completed.
2024-11-14 08:49:15,547 - INFO - Simulation completed successfully.
2024-11-14 08:49:15,547 - INFO - Starting cleanup
2024-11-14 08:49:15,590 - INFO - Done with the cleanup
2024-11-14 08:49:15,590 - INFO - Create Pandas Recap Files
2024-11-14 08:49:15,600 - INFO - End of the Simulations
